2021-12-23 14:06:37,785 - autoarray.preloads - INFO - PRELOADS - Relocated grid of pxielization preloaded for this model-fit.
2021-12-23 14:06:37,787 - autoarray.preloads - INFO - PRELOADS - Mappers of planes preloaded for this model-fit.
2021-12-23 14:06:37,787 - autoarray.preloads - INFO - PRELOADS - Mappers of planes preloaded for this model-fit.
2021-12-23 14:06:37,789 - autoarray.preloads - INFO - PRELOADS - LEq linear algebra quantities preloaded for this model-fit.
2021-12-23 14:06:37,790 - autoarray.preloads - INFO - PRELOADS - LEq Log Det Regularization Matrix Term preloaded for this model-fit.
2021-12-23 14:06:41,238 - autoarray.dataset.imaging - INFO - The image and noise map of the `Imaging` objected have been padded to the dimensions(9,). This is because the blurring region around the mask (which defines wherePSF flux may be convolved into the masked region) extended beyond the edge of the image.This can be prevented by using a smaller mask, smaller PSF kernel size or manually paddingthe image and noise-map yourself.
2021-12-23 14:06:41,318 - autoarray.dataset.imaging - INFO - IMAGING - Data masked, contains a total of 9 image-pixels
2021-12-23 14:06:41,320 - autoarray.dataset.imaging - INFO - IMAGING - Data masked, contains a total of 9 image-pixels
2021-12-23 14:06:41,320 - autoarray.dataset.imaging - INFO - IMAGING - Data masked, contains a total of 9 image-pixels
2021-12-23 14:06:41,322 - autoarray.dataset.imaging - INFO - IMAGING - Data masked, contains a total of 9 image-pixels
2021-12-23 14:06:41,732 - autoarray.dataset.imaging - INFO - IMAGING - Computing W-Tilde... May take a moment.
2021-12-23 14:06:42,544 - autoarray.dataset.imaging - INFO - IMAGING - Data masked, contains a total of 9 image-pixels
2021-12-23 14:06:42,544 - autoarray.dataset.imaging - INFO - IMAGING - Data masked, contains a total of 9 image-pixels
2021-12-23 14:06:42,548 - autoarray.dataset.imaging - INFO - IMAGING - Data masked, contains a total of 1 image-pixels
2021-12-23 14:06:47,846 - autoarray.dataset.imaging - INFO - IMAGING - Data masked, contains a total of 4 image-pixels
2021-12-23 14:06:47,849 - autoarray.dataset.imaging - INFO - IMAGING - Data masked, contains a total of 4 image-pixels
2021-12-23 14:06:47,867 - autoarray.dataset.imaging - INFO - IMAGING - Data masked, contains a total of 4 image-pixels
2021-12-23 14:06:47,903 - autoarray.dataset.imaging - INFO - IMAGING - Data masked, contains a total of 9 image-pixels
2021-12-23 14:06:48,335 - autoarray.dataset.imaging - INFO - IMAGING - Data masked, contains a total of 9 image-pixels
2021-12-23 14:06:48,534 - autoarray.dataset.imaging - INFO - IMAGING - Data masked, contains a total of 9 image-pixels
2021-12-23 14:07:13,045 - autoarray.dataset.imaging - INFO - IMAGING - Data masked, contains a total of 5 image-pixels
2021-12-23 14:07:13,046 - autoarray.dataset.imaging - INFO - IMAGING - Computing W-Tilde... May take a moment.
2021-12-23 14:07:13,605 - autoarray.dataset.imaging - INFO - IMAGING - Data masked, contains a total of 5 image-pixels
2021-12-23 14:07:13,605 - autoarray.dataset.imaging - INFO - IMAGING - Computing W-Tilde... May take a moment.
2021-12-23 14:07:18,270 - autoarray.dataset.imaging - INFO - IMAGING - Data masked, contains a total of 5 image-pixels
2021-12-23 14:07:18,270 - autoarray.dataset.imaging - INFO - IMAGING - Computing W-Tilde... May take a moment.
2021-12-23 14:07:20,361 - autoarray.dataset.imaging - INFO - IMAGING - Data masked, contains a total of 5 image-pixels
2021-12-23 14:07:20,361 - autoarray.dataset.imaging - INFO - IMAGING - Computing W-Tilde... May take a moment.
2021-12-23 14:07:20,368 - autoarray.dataset.imaging - INFO - IMAGING - Data masked, contains a total of 5 image-pixels
2021-12-23 14:07:20,369 - autoarray.dataset.imaging - INFO - IMAGING - Computing W-Tilde... May take a moment.
2021-12-23 14:07:22,176 - autoarray.dataset.imaging - INFO - IMAGING - Data masked, contains a total of 5 image-pixels
2021-12-23 14:07:22,177 - autoarray.dataset.imaging - INFO - IMAGING - Computing W-Tilde... May take a moment.
2021-12-23 14:07:22,424 - autoarray.dataset.imaging - INFO - IMAGING - Data masked, contains a total of 5 image-pixels
2021-12-23 14:07:22,425 - autoarray.dataset.imaging - INFO - IMAGING - Computing W-Tilde... May take a moment.
2021-12-23 14:07:24,268 - autoarray.dataset.imaging - INFO - IMAGING - Data masked, contains a total of 5 image-pixels
2021-12-23 14:07:24,268 - autoarray.dataset.imaging - INFO - IMAGING - Computing W-Tilde... May take a moment.
2021-12-23 14:07:24,273 - autoarray.dataset.imaging - INFO - IMAGING - Data masked, contains a total of 5 image-pixels
2021-12-23 14:07:24,274 - autoarray.dataset.imaging - INFO - IMAGING - Computing W-Tilde... May take a moment.
2021-12-23 14:07:26,540 - autoarray.dataset.imaging - INFO - IMAGING - Data masked, contains a total of 9 image-pixels
2021-12-23 14:07:26,541 - autoarray.dataset.imaging - INFO - IMAGING - Computing W-Tilde... May take a moment.
2021-12-23 14:07:26,541 - autoarray.dataset.imaging - INFO - IMAGING - Data masked, contains a total of 9 image-pixels
2021-12-23 14:07:26,542 - autoarray.dataset.imaging - INFO - IMAGING - Computing W-Tilde... May take a moment.
2021-12-23 14:07:26,988 - autoarray.dataset.imaging - INFO - IMAGING - Data masked, contains a total of 9 image-pixels
2021-12-23 14:07:26,989 - autoarray.dataset.imaging - INFO - IMAGING - Computing W-Tilde... May take a moment.
2021-12-23 14:07:26,990 - autoarray.dataset.imaging - INFO - IMAGING - Data masked, contains a total of 9 image-pixels
2021-12-23 14:07:26,991 - autoarray.dataset.imaging - INFO - IMAGING - Computing W-Tilde... May take a moment.
2021-12-23 14:07:30,035 - autoarray.dataset.imaging - INFO - IMAGING - Data masked, contains a total of 9 image-pixels
2021-12-23 15:11:04,182 - autoarray.preloads - INFO - PRELOADS - Relocated grid of pxielization preloaded for this model-fit.
2021-12-23 15:11:04,184 - autoarray.preloads - INFO - PRELOADS - Mappers of planes preloaded for this model-fit.
2021-12-23 15:11:04,184 - autoarray.preloads - INFO - PRELOADS - Mappers of planes preloaded for this model-fit.
2021-12-23 15:11:04,186 - autoarray.preloads - INFO - PRELOADS - LEq linear algebra quantities preloaded for this model-fit.
2021-12-23 15:11:04,188 - autoarray.preloads - INFO - PRELOADS - LEq Log Det Regularization Matrix Term preloaded for this model-fit.
2021-12-23 15:11:08,359 - autoarray.dataset.imaging - INFO - The image and noise map of the `Imaging` objected have been padded to the dimensions(9,). This is because the blurring region around the mask (which defines wherePSF flux may be convolved into the masked region) extended beyond the edge of the image.This can be prevented by using a smaller mask, smaller PSF kernel size or manually paddingthe image and noise-map yourself.
2021-12-23 15:11:08,454 - autoarray.dataset.imaging - INFO - IMAGING - Data masked, contains a total of 9 image-pixels
2021-12-23 15:11:08,458 - autoarray.dataset.imaging - INFO - IMAGING - Data masked, contains a total of 9 image-pixels
2021-12-23 15:11:08,458 - autoarray.dataset.imaging - INFO - IMAGING - Data masked, contains a total of 9 image-pixels
2021-12-23 15:11:08,461 - autoarray.dataset.imaging - INFO - IMAGING - Data masked, contains a total of 9 image-pixels
2021-12-23 15:11:08,987 - autoarray.dataset.imaging - INFO - IMAGING - Computing W-Tilde... May take a moment.
2021-12-23 15:11:09,795 - autoarray.dataset.imaging - INFO - IMAGING - Data masked, contains a total of 9 image-pixels
2021-12-23 15:11:09,795 - autoarray.dataset.imaging - INFO - IMAGING - Data masked, contains a total of 9 image-pixels
2021-12-23 15:11:09,801 - autoarray.dataset.imaging - INFO - IMAGING - Data masked, contains a total of 1 image-pixels
2021-12-23 15:11:14,192 - autoarray.dataset.imaging - INFO - IMAGING - Data masked, contains a total of 4 image-pixels
2021-12-23 15:11:14,197 - autoarray.dataset.imaging - INFO - IMAGING - Data masked, contains a total of 4 image-pixels
2021-12-23 15:11:14,216 - autoarray.dataset.imaging - INFO - IMAGING - Data masked, contains a total of 4 image-pixels
2021-12-23 15:11:14,252 - autoarray.dataset.imaging - INFO - IMAGING - Data masked, contains a total of 9 image-pixels
2021-12-23 15:11:14,592 - autoarray.dataset.imaging - INFO - IMAGING - Data masked, contains a total of 9 image-pixels
2021-12-23 15:11:14,793 - autoarray.dataset.imaging - INFO - IMAGING - Data masked, contains a total of 9 image-pixels
2021-12-23 15:11:44,771 - autoarray.dataset.imaging - INFO - IMAGING - Data masked, contains a total of 5 image-pixels
2021-12-23 15:11:44,772 - autoarray.dataset.imaging - INFO - IMAGING - Computing W-Tilde... May take a moment.
2021-12-23 15:11:46,047 - autoarray.dataset.imaging - INFO - IMAGING - Data masked, contains a total of 5 image-pixels
2021-12-23 15:11:46,047 - autoarray.dataset.imaging - INFO - IMAGING - Computing W-Tilde... May take a moment.
2021-12-23 15:11:49,584 - autoarray.dataset.imaging - INFO - IMAGING - Data masked, contains a total of 5 image-pixels
2021-12-23 15:11:49,584 - autoarray.dataset.imaging - INFO - IMAGING - Computing W-Tilde... May take a moment.
2021-12-23 15:11:51,733 - autoarray.dataset.imaging - INFO - IMAGING - Data masked, contains a total of 5 image-pixels
2021-12-23 15:11:51,734 - autoarray.dataset.imaging - INFO - IMAGING - Computing W-Tilde... May take a moment.
2021-12-23 15:11:52,231 - autoarray.dataset.imaging - INFO - IMAGING - Data masked, contains a total of 5 image-pixels
2021-12-23 15:11:52,231 - autoarray.dataset.imaging - INFO - IMAGING - Computing W-Tilde... May take a moment.
2021-12-23 15:11:54,806 - autoarray.dataset.imaging - INFO - IMAGING - Data masked, contains a total of 5 image-pixels
2021-12-23 15:11:54,807 - autoarray.dataset.imaging - INFO - IMAGING - Computing W-Tilde... May take a moment.
2021-12-23 15:11:54,875 - autoarray.dataset.imaging - INFO - IMAGING - Data masked, contains a total of 5 image-pixels
2021-12-23 15:11:54,876 - autoarray.dataset.imaging - INFO - IMAGING - Computing W-Tilde... May take a moment.
2021-12-23 15:11:57,941 - autoarray.dataset.imaging - INFO - IMAGING - Data masked, contains a total of 9 image-pixels
2021-12-23 15:11:57,942 - autoarray.dataset.imaging - INFO - IMAGING - Computing W-Tilde... May take a moment.
2021-12-23 15:11:57,943 - autoarray.dataset.imaging - INFO - IMAGING - Data masked, contains a total of 9 image-pixels
2021-12-23 15:11:57,944 - autoarray.dataset.imaging - INFO - IMAGING - Computing W-Tilde... May take a moment.
2021-12-23 15:11:59,349 - autoarray.dataset.imaging - INFO - IMAGING - Data masked, contains a total of 9 image-pixels
2021-12-23 15:11:59,350 - autoarray.dataset.imaging - INFO - IMAGING - Computing W-Tilde... May take a moment.
2021-12-23 15:11:59,351 - autoarray.dataset.imaging - INFO - IMAGING - Data masked, contains a total of 9 image-pixels
2021-12-23 15:11:59,352 - autoarray.dataset.imaging - INFO - IMAGING - Computing W-Tilde... May take a moment.
2021-12-23 15:12:03,045 - autoarray.dataset.imaging - INFO - IMAGING - Data masked, contains a total of 9 image-pixels
2021-12-23 15:13:51,492 - autoarray.preloads - INFO - PRELOADS - Relocated grid of pxielization preloaded for this model-fit.
2021-12-23 15:13:51,494 - autoarray.preloads - INFO - PRELOADS - Mappers of planes preloaded for this model-fit.
2021-12-23 15:13:51,494 - autoarray.preloads - INFO - PRELOADS - Mappers of planes preloaded for this model-fit.
2021-12-23 15:13:51,496 - autoarray.preloads - INFO - PRELOADS - LEq linear algebra quantities preloaded for this model-fit.
2021-12-23 15:13:51,497 - autoarray.preloads - INFO - PRELOADS - LEq Log Det Regularization Matrix Term preloaded for this model-fit.
2021-12-23 15:13:53,671 - autoarray.dataset.imaging - INFO - The image and noise map of the `Imaging` objected have been padded to the dimensions(9,). This is because the blurring region around the mask (which defines wherePSF flux may be convolved into the masked region) extended beyond the edge of the image.This can be prevented by using a smaller mask, smaller PSF kernel size or manually paddingthe image and noise-map yourself.
2021-12-23 15:13:53,778 - autoarray.dataset.imaging - INFO - IMAGING - Data masked, contains a total of 9 image-pixels
2021-12-23 15:13:53,781 - autoarray.dataset.imaging - INFO - IMAGING - Data masked, contains a total of 9 image-pixels
2021-12-23 15:13:53,781 - autoarray.dataset.imaging - INFO - IMAGING - Data masked, contains a total of 9 image-pixels
2021-12-23 15:13:53,784 - autoarray.dataset.imaging - INFO - IMAGING - Data masked, contains a total of 9 image-pixels
2021-12-23 15:13:53,790 - autoarray.dataset.imaging - INFO - IMAGING - Computing W-Tilde... May take a moment.
2021-12-23 15:13:53,797 - autoarray.dataset.imaging - INFO - IMAGING - Data masked, contains a total of 9 image-pixels
2021-12-23 15:13:53,798 - autoarray.dataset.imaging - INFO - IMAGING - Data masked, contains a total of 9 image-pixels
2021-12-23 15:13:53,803 - autoarray.dataset.imaging - INFO - IMAGING - Data masked, contains a total of 1 image-pixels
2021-12-23 15:13:55,414 - autoarray.dataset.imaging - INFO - IMAGING - Data masked, contains a total of 4 image-pixels
2021-12-23 15:13:55,419 - autoarray.dataset.imaging - INFO - IMAGING - Data masked, contains a total of 4 image-pixels
2021-12-23 15:13:55,439 - autoarray.dataset.imaging - INFO - IMAGING - Data masked, contains a total of 4 image-pixels
2021-12-23 15:13:55,479 - autoarray.dataset.imaging - INFO - IMAGING - Data masked, contains a total of 9 image-pixels
2021-12-23 15:13:55,863 - autoarray.dataset.imaging - INFO - IMAGING - Data masked, contains a total of 9 image-pixels
2021-12-23 15:13:56,167 - autoarray.dataset.imaging - INFO - IMAGING - Data masked, contains a total of 9 image-pixels
2021-12-23 15:14:25,467 - autoarray.dataset.imaging - INFO - IMAGING - Data masked, contains a total of 5 image-pixels
2021-12-23 15:14:25,468 - autoarray.dataset.imaging - INFO - IMAGING - Computing W-Tilde... May take a moment.
2021-12-23 15:14:25,489 - autoarray.dataset.imaging - INFO - IMAGING - Data masked, contains a total of 5 image-pixels
2021-12-23 15:14:25,489 - autoarray.dataset.imaging - INFO - IMAGING - Computing W-Tilde... May take a moment.
2021-12-23 15:14:25,719 - autoarray.dataset.imaging - INFO - IMAGING - Data masked, contains a total of 5 image-pixels
2021-12-23 15:14:25,719 - autoarray.dataset.imaging - INFO - IMAGING - Computing W-Tilde... May take a moment.
2021-12-23 15:14:26,955 - autoarray.dataset.imaging - INFO - IMAGING - Data masked, contains a total of 5 image-pixels
2021-12-23 15:14:26,955 - autoarray.dataset.imaging - INFO - IMAGING - Computing W-Tilde... May take a moment.
2021-12-23 15:14:26,961 - autoarray.dataset.imaging - INFO - IMAGING - Data masked, contains a total of 5 image-pixels
2021-12-23 15:14:26,962 - autoarray.dataset.imaging - INFO - IMAGING - Computing W-Tilde... May take a moment.
2021-12-23 15:14:29,343 - autoarray.dataset.imaging - INFO - IMAGING - Data masked, contains a total of 5 image-pixels
2021-12-23 15:14:29,344 - autoarray.dataset.imaging - INFO - IMAGING - Computing W-Tilde... May take a moment.
2021-12-23 15:14:29,358 - autoarray.dataset.imaging - INFO - IMAGING - Data masked, contains a total of 5 image-pixels
2021-12-23 15:14:29,359 - autoarray.dataset.imaging - INFO - IMAGING - Computing W-Tilde... May take a moment.
2021-12-23 15:14:29,731 - autoarray.dataset.imaging - INFO - IMAGING - Data masked, contains a total of 5 image-pixels
2021-12-23 15:14:29,732 - autoarray.dataset.imaging - INFO - IMAGING - Computing W-Tilde... May take a moment.
2021-12-23 15:14:29,739 - autoarray.dataset.imaging - INFO - IMAGING - Data masked, contains a total of 5 image-pixels
2021-12-23 15:14:29,740 - autoarray.dataset.imaging - INFO - IMAGING - Computing W-Tilde... May take a moment.
2021-12-23 15:20:13,902 - autoarray.preloads - INFO - PRELOADS - Relocated grid of pxielization preloaded for this model-fit.
2021-12-23 15:20:13,904 - autoarray.preloads - INFO - PRELOADS - Mappers of planes preloaded for this model-fit.
2021-12-23 15:20:13,904 - autoarray.preloads - INFO - PRELOADS - Mappers of planes preloaded for this model-fit.
2021-12-23 15:20:13,906 - autoarray.preloads - INFO - PRELOADS - LEq linear algebra quantities preloaded for this model-fit.
2021-12-23 15:20:13,908 - autoarray.preloads - INFO - PRELOADS - LEq Log Det Regularization Matrix Term preloaded for this model-fit.
2021-12-23 15:20:17,207 - autoarray.dataset.imaging - INFO - The image and noise map of the `Imaging` objected have been padded to the dimensions(9,). This is because the blurring region around the mask (which defines wherePSF flux may be convolved into the masked region) extended beyond the edge of the image.This can be prevented by using a smaller mask, smaller PSF kernel size or manually paddingthe image and noise-map yourself.
2021-12-23 15:20:17,310 - autoarray.dataset.imaging - INFO - IMAGING - Data masked, contains a total of 9 image-pixels
2021-12-23 15:20:17,313 - autoarray.dataset.imaging - INFO - IMAGING - Data masked, contains a total of 9 image-pixels
2021-12-23 15:20:17,314 - autoarray.dataset.imaging - INFO - IMAGING - Data masked, contains a total of 9 image-pixels
2021-12-23 15:20:17,317 - autoarray.dataset.imaging - INFO - IMAGING - Data masked, contains a total of 9 image-pixels
2021-12-23 15:20:17,322 - autoarray.dataset.imaging - INFO - IMAGING - Computing W-Tilde... May take a moment.
2021-12-23 15:20:17,328 - autoarray.dataset.imaging - INFO - IMAGING - Data masked, contains a total of 9 image-pixels
2021-12-23 15:20:17,329 - autoarray.dataset.imaging - INFO - IMAGING - Data masked, contains a total of 9 image-pixels
2021-12-23 15:20:17,335 - autoarray.dataset.imaging - INFO - IMAGING - Data masked, contains a total of 1 image-pixels
2021-12-23 15:20:19,023 - autoarray.dataset.imaging - INFO - IMAGING - Data masked, contains a total of 4 image-pixels
2021-12-23 15:20:19,028 - autoarray.dataset.imaging - INFO - IMAGING - Data masked, contains a total of 4 image-pixels
2021-12-23 15:20:19,050 - autoarray.dataset.imaging - INFO - IMAGING - Data masked, contains a total of 4 image-pixels
2021-12-23 15:20:19,093 - autoarray.dataset.imaging - INFO - IMAGING - Data masked, contains a total of 9 image-pixels
2021-12-23 15:20:19,515 - autoarray.dataset.imaging - INFO - IMAGING - Data masked, contains a total of 9 image-pixels
2021-12-23 15:20:19,762 - autoarray.dataset.imaging - INFO - IMAGING - Data masked, contains a total of 9 image-pixels
2021-12-23 15:20:50,522 - autoarray.dataset.imaging - INFO - IMAGING - Data masked, contains a total of 5 image-pixels
2021-12-23 15:20:50,522 - autoarray.dataset.imaging - INFO - IMAGING - Computing W-Tilde... May take a moment.
2021-12-23 15:20:50,539 - autoarray.dataset.imaging - INFO - IMAGING - Data masked, contains a total of 5 image-pixels
2021-12-23 15:20:50,539 - autoarray.dataset.imaging - INFO - IMAGING - Computing W-Tilde... May take a moment.
2021-12-23 15:20:51,472 - autoarray.dataset.imaging - INFO - IMAGING - Data masked, contains a total of 5 image-pixels
2021-12-23 15:20:51,472 - autoarray.dataset.imaging - INFO - IMAGING - Computing W-Tilde... May take a moment.
2021-12-23 15:20:53,374 - autoarray.dataset.imaging - INFO - IMAGING - Data masked, contains a total of 5 image-pixels
2021-12-23 15:20:53,374 - autoarray.dataset.imaging - INFO - IMAGING - Computing W-Tilde... May take a moment.
2021-12-23 15:20:53,383 - autoarray.dataset.imaging - INFO - IMAGING - Data masked, contains a total of 5 image-pixels
2021-12-23 15:20:53,383 - autoarray.dataset.imaging - INFO - IMAGING - Computing W-Tilde... May take a moment.
2021-12-23 15:20:55,887 - autoarray.dataset.imaging - INFO - IMAGING - Data masked, contains a total of 5 image-pixels
2021-12-23 15:20:55,887 - autoarray.dataset.imaging - INFO - IMAGING - Computing W-Tilde... May take a moment.
2021-12-23 15:20:55,901 - autoarray.dataset.imaging - INFO - IMAGING - Data masked, contains a total of 5 image-pixels
2021-12-23 15:20:55,902 - autoarray.dataset.imaging - INFO - IMAGING - Computing W-Tilde... May take a moment.
2021-12-23 15:20:56,257 - autoarray.dataset.imaging - INFO - IMAGING - Data masked, contains a total of 5 image-pixels
2021-12-23 15:20:56,258 - autoarray.dataset.imaging - INFO - IMAGING - Computing W-Tilde... May take a moment.
2021-12-23 15:20:56,266 - autoarray.dataset.imaging - INFO - IMAGING - Data masked, contains a total of 5 image-pixels
2021-12-23 15:20:56,267 - autoarray.dataset.imaging - INFO - IMAGING - Computing W-Tilde... May take a moment.
2021-12-23 15:20:58,170 - autoarray.dataset.imaging - INFO - IMAGING - Data masked, contains a total of 9 image-pixels
2021-12-23 15:20:58,172 - autoarray.dataset.imaging - INFO - IMAGING - Computing W-Tilde... May take a moment.
2021-12-23 15:20:58,172 - autoarray.dataset.imaging - INFO - IMAGING - Data masked, contains a total of 9 image-pixels
2021-12-23 15:20:58,173 - autoarray.dataset.imaging - INFO - IMAGING - Computing W-Tilde... May take a moment.
2021-12-23 15:20:59,198 - autoarray.dataset.imaging - INFO - IMAGING - Data masked, contains a total of 9 image-pixels
2021-12-23 15:20:59,199 - autoarray.dataset.imaging - INFO - IMAGING - Computing W-Tilde... May take a moment.
2021-12-23 15:20:59,200 - autoarray.dataset.imaging - INFO - IMAGING - Data masked, contains a total of 9 image-pixels
2021-12-23 15:20:59,201 - autoarray.dataset.imaging - INFO - IMAGING - Computing W-Tilde... May take a moment.
2021-12-23 15:21:03,175 - autoarray.dataset.imaging - INFO - IMAGING - Data masked, contains a total of 9 image-pixels
2021-12-23 15:21:19,562 - autoarray.preloads - INFO - PRELOADS - Relocated grid of pxielization preloaded for this model-fit.
2021-12-23 15:21:19,564 - autoarray.preloads - INFO - PRELOADS - Mappers of planes preloaded for this model-fit.
2021-12-23 15:21:19,564 - autoarray.preloads - INFO - PRELOADS - Mappers of planes preloaded for this model-fit.
2021-12-23 15:21:19,566 - autoarray.preloads - INFO - PRELOADS - LEq linear algebra quantities preloaded for this model-fit.
2021-12-23 15:21:19,568 - autoarray.preloads - INFO - PRELOADS - LEq Log Det Regularization Matrix Term preloaded for this model-fit.
2021-12-23 15:21:21,891 - autoarray.dataset.imaging - INFO - The image and noise map of the `Imaging` objected have been padded to the dimensions(9,). This is because the blurring region around the mask (which defines wherePSF flux may be convolved into the masked region) extended beyond the edge of the image.This can be prevented by using a smaller mask, smaller PSF kernel size or manually paddingthe image and noise-map yourself.
2021-12-23 15:21:22,002 - autoarray.dataset.imaging - INFO - IMAGING - Data masked, contains a total of 9 image-pixels
2021-12-23 15:21:22,006 - autoarray.dataset.imaging - INFO - IMAGING - Data masked, contains a total of 9 image-pixels
2021-12-23 15:21:22,006 - autoarray.dataset.imaging - INFO - IMAGING - Data masked, contains a total of 9 image-pixels
2021-12-23 15:21:22,009 - autoarray.dataset.imaging - INFO - IMAGING - Data masked, contains a total of 9 image-pixels
2021-12-23 15:21:22,015 - autoarray.dataset.imaging - INFO - IMAGING - Computing W-Tilde... May take a moment.
2021-12-23 15:21:22,022 - autoarray.dataset.imaging - INFO - IMAGING - Data masked, contains a total of 9 image-pixels
2021-12-23 15:21:22,023 - autoarray.dataset.imaging - INFO - IMAGING - Data masked, contains a total of 9 image-pixels
2021-12-23 15:21:22,030 - autoarray.dataset.imaging - INFO - IMAGING - Data masked, contains a total of 1 image-pixels
2021-12-23 15:21:23,842 - autoarray.dataset.imaging - INFO - IMAGING - Data masked, contains a total of 4 image-pixels
2021-12-23 15:21:23,847 - autoarray.dataset.imaging - INFO - IMAGING - Data masked, contains a total of 4 image-pixels
2021-12-23 15:21:23,869 - autoarray.dataset.imaging - INFO - IMAGING - Data masked, contains a total of 4 image-pixels
2021-12-23 15:21:23,914 - autoarray.dataset.imaging - INFO - IMAGING - Data masked, contains a total of 9 image-pixels
2021-12-23 15:21:24,342 - autoarray.dataset.imaging - INFO - IMAGING - Data masked, contains a total of 9 image-pixels
2021-12-23 15:21:24,723 - autoarray.dataset.imaging - INFO - IMAGING - Data masked, contains a total of 9 image-pixels
2021-12-23 15:21:58,852 - autoarray.dataset.imaging - INFO - IMAGING - Data masked, contains a total of 5 image-pixels
2021-12-23 15:21:58,852 - autoarray.dataset.imaging - INFO - IMAGING - Computing W-Tilde... May take a moment.
2021-12-23 15:21:58,873 - autoarray.dataset.imaging - INFO - IMAGING - Data masked, contains a total of 5 image-pixels
2021-12-23 15:21:58,874 - autoarray.dataset.imaging - INFO - IMAGING - Computing W-Tilde... May take a moment.
2021-12-23 15:21:59,101 - autoarray.dataset.imaging - INFO - IMAGING - Data masked, contains a total of 5 image-pixels
2021-12-23 15:21:59,102 - autoarray.dataset.imaging - INFO - IMAGING - Computing W-Tilde... May take a moment.
2021-12-23 15:22:00,487 - autoarray.dataset.imaging - INFO - IMAGING - Data masked, contains a total of 5 image-pixels
2021-12-23 15:22:00,488 - autoarray.dataset.imaging - INFO - IMAGING - Computing W-Tilde... May take a moment.
2021-12-23 15:22:00,493 - autoarray.dataset.imaging - INFO - IMAGING - Data masked, contains a total of 5 image-pixels
2021-12-23 15:22:00,494 - autoarray.dataset.imaging - INFO - IMAGING - Computing W-Tilde... May take a moment.
2021-12-23 15:22:02,488 - autoarray.dataset.imaging - INFO - IMAGING - Data masked, contains a total of 5 image-pixels
2021-12-23 15:22:02,489 - autoarray.dataset.imaging - INFO - IMAGING - Computing W-Tilde... May take a moment.
2021-12-23 15:22:02,499 - autoarray.dataset.imaging - INFO - IMAGING - Data masked, contains a total of 5 image-pixels
2021-12-23 15:22:02,499 - autoarray.dataset.imaging - INFO - IMAGING - Computing W-Tilde... May take a moment.
2021-12-23 15:22:02,788 - autoarray.dataset.imaging - INFO - IMAGING - Data masked, contains a total of 5 image-pixels
2021-12-23 15:22:02,788 - autoarray.dataset.imaging - INFO - IMAGING - Computing W-Tilde... May take a moment.
2021-12-23 15:22:02,794 - autoarray.dataset.imaging - INFO - IMAGING - Data masked, contains a total of 5 image-pixels
2021-12-23 15:22:02,794 - autoarray.dataset.imaging - INFO - IMAGING - Computing W-Tilde... May take a moment.
2021-12-23 15:22:04,580 - autoarray.dataset.imaging - INFO - IMAGING - Data masked, contains a total of 9 image-pixels
2021-12-23 15:22:04,581 - autoarray.dataset.imaging - INFO - IMAGING - Computing W-Tilde... May take a moment.
2021-12-23 15:22:04,582 - autoarray.dataset.imaging - INFO - IMAGING - Data masked, contains a total of 9 image-pixels
2021-12-23 15:22:04,582 - autoarray.dataset.imaging - INFO - IMAGING - Computing W-Tilde... May take a moment.
2021-12-23 15:22:05,566 - autoarray.dataset.imaging - INFO - IMAGING - Data masked, contains a total of 9 image-pixels
2021-12-23 15:22:05,567 - autoarray.dataset.imaging - INFO - IMAGING - Computing W-Tilde... May take a moment.
2021-12-23 15:22:05,568 - autoarray.dataset.imaging - INFO - IMAGING - Data masked, contains a total of 9 image-pixels
2021-12-23 15:22:05,569 - autoarray.dataset.imaging - INFO - IMAGING - Computing W-Tilde... May take a moment.
2021-12-23 15:22:09,055 - autoarray.dataset.imaging - INFO - IMAGING - Data masked, contains a total of 9 image-pixels
2021-12-23 15:24:43,806 - autoarray.preloads - INFO - PRELOADS - Relocated grid of pxielization preloaded for this model-fit.
2021-12-23 15:24:43,808 - autoarray.preloads - INFO - PRELOADS - Mappers of planes preloaded for this model-fit.
2021-12-23 15:24:43,808 - autoarray.preloads - INFO - PRELOADS - Mappers of planes preloaded for this model-fit.
2021-12-23 15:24:43,810 - autoarray.preloads - INFO - PRELOADS - LEq linear algebra quantities preloaded for this model-fit.
2021-12-23 15:24:43,812 - autoarray.preloads - INFO - PRELOADS - LEq Log Det Regularization Matrix Term preloaded for this model-fit.
2021-12-23 15:24:46,137 - autoarray.dataset.imaging - INFO - The image and noise map of the `Imaging` objected have been padded to the dimensions(9,). This is because the blurring region around the mask (which defines wherePSF flux may be convolved into the masked region) extended beyond the edge of the image.This can be prevented by using a smaller mask, smaller PSF kernel size or manually paddingthe image and noise-map yourself.
2021-12-23 15:24:46,241 - autoarray.dataset.imaging - INFO - IMAGING - Data masked, contains a total of 9 image-pixels
2021-12-23 15:24:46,244 - autoarray.dataset.imaging - INFO - IMAGING - Data masked, contains a total of 9 image-pixels
2021-12-23 15:24:46,245 - autoarray.dataset.imaging - INFO - IMAGING - Data masked, contains a total of 9 image-pixels
2021-12-23 15:24:46,248 - autoarray.dataset.imaging - INFO - IMAGING - Data masked, contains a total of 9 image-pixels
2021-12-23 15:24:46,253 - autoarray.dataset.imaging - INFO - IMAGING - Computing W-Tilde... May take a moment.
2021-12-23 15:24:46,259 - autoarray.dataset.imaging - INFO - IMAGING - Data masked, contains a total of 9 image-pixels
2021-12-23 15:24:46,260 - autoarray.dataset.imaging - INFO - IMAGING - Data masked, contains a total of 9 image-pixels
2021-12-23 15:24:46,266 - autoarray.dataset.imaging - INFO - IMAGING - Data masked, contains a total of 1 image-pixels
2021-12-23 15:24:48,069 - autoarray.dataset.imaging - INFO - IMAGING - Data masked, contains a total of 4 image-pixels
2021-12-23 15:24:48,074 - autoarray.dataset.imaging - INFO - IMAGING - Data masked, contains a total of 4 image-pixels
2021-12-23 15:24:48,096 - autoarray.dataset.imaging - INFO - IMAGING - Data masked, contains a total of 4 image-pixels
2021-12-23 15:24:48,140 - autoarray.dataset.imaging - INFO - IMAGING - Data masked, contains a total of 9 image-pixels
2021-12-23 15:24:48,550 - autoarray.dataset.imaging - INFO - IMAGING - Data masked, contains a total of 9 image-pixels
2021-12-23 15:24:48,896 - autoarray.dataset.imaging - INFO - IMAGING - Data masked, contains a total of 9 image-pixels
2021-12-23 15:25:24,337 - autoarray.dataset.imaging - INFO - IMAGING - Data masked, contains a total of 5 image-pixels
2021-12-23 15:25:24,338 - autoarray.dataset.imaging - INFO - IMAGING - Computing W-Tilde... May take a moment.
2021-12-23 15:25:24,360 - autoarray.dataset.imaging - INFO - IMAGING - Data masked, contains a total of 5 image-pixels
2021-12-23 15:25:24,361 - autoarray.dataset.imaging - INFO - IMAGING - Computing W-Tilde... May take a moment.
2021-12-23 15:25:24,584 - autoarray.dataset.imaging - INFO - IMAGING - Data masked, contains a total of 5 image-pixels
2021-12-23 15:25:24,584 - autoarray.dataset.imaging - INFO - IMAGING - Computing W-Tilde... May take a moment.
2021-12-23 15:25:25,882 - autoarray.dataset.imaging - INFO - IMAGING - Data masked, contains a total of 5 image-pixels
2021-12-23 15:25:25,882 - autoarray.dataset.imaging - INFO - IMAGING - Computing W-Tilde... May take a moment.
2021-12-23 15:25:25,889 - autoarray.dataset.imaging - INFO - IMAGING - Data masked, contains a total of 5 image-pixels
2021-12-23 15:25:25,889 - autoarray.dataset.imaging - INFO - IMAGING - Computing W-Tilde... May take a moment.
2021-12-23 15:25:27,981 - autoarray.dataset.imaging - INFO - IMAGING - Data masked, contains a total of 5 image-pixels
2021-12-23 15:25:27,982 - autoarray.dataset.imaging - INFO - IMAGING - Computing W-Tilde... May take a moment.
2021-12-23 15:25:27,994 - autoarray.dataset.imaging - INFO - IMAGING - Data masked, contains a total of 5 image-pixels
2021-12-23 15:25:27,994 - autoarray.dataset.imaging - INFO - IMAGING - Computing W-Tilde... May take a moment.
2021-12-23 15:25:28,291 - autoarray.dataset.imaging - INFO - IMAGING - Data masked, contains a total of 5 image-pixels
2021-12-23 15:25:28,292 - autoarray.dataset.imaging - INFO - IMAGING - Computing W-Tilde... May take a moment.
2021-12-23 15:25:28,298 - autoarray.dataset.imaging - INFO - IMAGING - Data masked, contains a total of 5 image-pixels
2021-12-23 15:25:28,298 - autoarray.dataset.imaging - INFO - IMAGING - Computing W-Tilde... May take a moment.
2021-12-23 15:25:30,779 - autoarray.dataset.imaging - INFO - IMAGING - Data masked, contains a total of 9 image-pixels
2021-12-23 15:25:30,780 - autoarray.dataset.imaging - INFO - IMAGING - Computing W-Tilde... May take a moment.
2021-12-23 15:25:30,781 - autoarray.dataset.imaging - INFO - IMAGING - Data masked, contains a total of 9 image-pixels
2021-12-23 15:25:30,782 - autoarray.dataset.imaging - INFO - IMAGING - Computing W-Tilde... May take a moment.
2021-12-23 15:25:31,778 - autoarray.dataset.imaging - INFO - IMAGING - Data masked, contains a total of 9 image-pixels
2021-12-23 15:25:31,779 - autoarray.dataset.imaging - INFO - IMAGING - Computing W-Tilde... May take a moment.
2021-12-23 15:25:31,779 - autoarray.dataset.imaging - INFO - IMAGING - Data masked, contains a total of 9 image-pixels
2021-12-23 15:25:31,780 - autoarray.dataset.imaging - INFO - IMAGING - Computing W-Tilde... May take a moment.
2021-12-23 15:25:35,228 - autoarray.dataset.imaging - INFO - IMAGING - Data masked, contains a total of 9 image-pixels
