This file contains any messages produced by compilers while
running configure, to aid debugging if configure makes a mistake.

It was created by configure, which was
generated by GNU Autoconf 2.69.  Invocation command line was

  $ ./configure 

## --------- ##
## Platform. ##
## --------- ##

hostname = DESKTOP-H143S82
uname -m = x86_64
uname -r = 4.4.0-19041-Microsoft
uname -s = Linux
uname -v = #1237-Microsoft Sat Sep 11 14:32:00 PST 2021

/usr/bin/uname -p = x86_64
/bin/uname -X     = unknown

/bin/arch              = x86_64
/usr/bin/arch -k       = unknown
/usr/convex/getsysinfo = unknown
/usr/bin/hostinfo      = unknown
/bin/machine           = unknown
/usr/bin/oslevel       = unknown
/bin/universe          = unknown

PATH: /home/jammy/venvs/PyAuto/bin
PATH: /home/jammy/bin
PATH: /home/jammy/bin
PATH: /usr/local/sbin
PATH: /usr/local/bin
PATH: /usr/sbin
PATH: /usr/bin
PATH: /sbin
PATH: /bin
PATH: /usr/games
PATH: /usr/local/games
PATH: /mnt/c/Users/Jammy/anaconda3
PATH: /mnt/c/Users/Jammy/anaconda3/Library/mingw-w64/bin
PATH: /mnt/c/Users/Jammy/anaconda3/Library/usr/bin
PATH: /mnt/c/Users/Jammy/anaconda3/Library/bin
PATH: /mnt/c/Users/Jammy/anaconda3/Scripts
PATH: /mnt/c/Users/Jammy/anaconda3/bin
PATH: /mnt/c/Users/Jammy/anaconda3/condabin
PATH: /mnt/c/WINDOWS/system32
PATH: /mnt/c/WINDOWS
PATH: /mnt/c/WINDOWS/System32/Wbem
PATH: /mnt/c/WINDOWS/System32/WindowsPowerShell/v1.0
PATH: /mnt/c/WINDOWS/System32/OpenSSH
PATH: /mnt/c/Program Files (x86)/NVIDIA Corporation/PhysX/Common
PATH: /mnt/c/Program Files (x86)/VDesk
PATH: /mnt/c/Program Files/Sublime Text 3
PATH: /mnt/c/Program Files/rsync
PATH: /mnt/c/Program Files/Git LFS
PATH: /mnt/c/Program Files/CMake/bin
PATH: /mnt/c/WINDOWS/system32
PATH: /mnt/c/WINDOWS
PATH: /mnt/c/WINDOWS/System32/Wbem
PATH: /mnt/c/WINDOWS/System32/WindowsPowerShell/v1.0
PATH: /mnt/c/WINDOWS/System32/OpenSSH
PATH: /mnt/c/Program Files/Git/cmd
PATH: /mnt/c/Users/Jammy/AppData/Local/Microsoft/WindowsApps
PATH: /mnt/c/Program Files/JetBrains/PyCharm 2020.2.3/bin
PATH: /mnt/c/Users/Jammy/anaconda3/Scripts
PATH: /mnt/c/Users/Jammy/anaconda3
PATH: /mnt/c/Users/Jammy/anaconda3/Library/bin
PATH: /snap/bin
PATH: /mnt/c/Users/Jammy/Code/PyAuto/PyAutoFit/scripts


## ----------- ##
## Core tests. ##
## ----------- ##

configure:2141: checking for gcc
configure:2168: result: gcc
configure:2397: checking for C compiler version
configure:2406: gcc --version >&5
gcc (Ubuntu 9.3.0-17ubuntu1~20.04) 9.3.0
Copyright (C) 2019 Free Software Foundation, Inc.
This is free software; see the source for copying conditions.  There is NO
warranty; not even for MERCHANTABILITY or FITNESS FOR A PARTICULAR PURPOSE.

configure:2417: $? = 0
configure:2406: gcc -v >&5
Using built-in specs.
COLLECT_GCC=gcc
COLLECT_LTO_WRAPPER=/usr/lib/gcc/x86_64-linux-gnu/9/lto-wrapper
OFFLOAD_TARGET_NAMES=nvptx-none:hsa
OFFLOAD_TARGET_DEFAULT=1
Target: x86_64-linux-gnu
Configured with: ../src/configure -v --with-pkgversion='Ubuntu 9.3.0-17ubuntu1~20.04' --with-bugurl=file:///usr/share/doc/gcc-9/README.Bugs --enable-languages=c,ada,c++,go,brig,d,fortran,objc,obj-c++,gm2 --prefix=/usr --with-gcc-major-version-only --program-suffix=-9 --program-prefix=x86_64-linux-gnu- --enable-shared --enable-linker-build-id --libexecdir=/usr/lib --without-included-gettext --enable-threads=posix --libdir=/usr/lib --enable-nls --enable-clocale=gnu --enable-libstdcxx-debug --enable-libstdcxx-time=yes --with-default-libstdcxx-abi=new --enable-gnu-unique-object --disable-vtable-verify --enable-plugin --enable-default-pie --with-system-zlib --with-target-system-zlib=auto --enable-objc-gc=auto --enable-multiarch --disable-werror --with-arch-32=i686 --with-abi=m64 --with-multilib-list=m32,m64,mx32 --enable-multilib --with-tune=generic --enable-offload-targets=nvptx-none=/build/gcc-9-HskZEa/gcc-9-9.3.0/debian/tmp-nvptx/usr,hsa --without-cuda-driver --enable-checking=release --build=x86_64-linux-gnu --host=x86_64-linux-gnu --target=x86_64-linux-gnu
Thread model: posix
gcc version 9.3.0 (Ubuntu 9.3.0-17ubuntu1~20.04) 
configure:2417: $? = 0
configure:2406: gcc -V >&5
gcc: error: unrecognized command line option '-V'
gcc: fatal error: no input files
compilation terminated.
configure:2417: $? = 1
configure:2406: gcc -qversion >&5
gcc: error: unrecognized command line option '-qversion'; did you mean '--version'?
gcc: fatal error: no input files
compilation terminated.
configure:2417: $? = 1
configure:2437: checking whether the C compiler works
configure:2459: gcc -g -O2 -Wall -pedantic -D_GNU_SOURCE -std=c99   conftest.c  >&5
configure:2463: $? = 0
configure:2511: result: yes
configure:2514: checking for C compiler default output file name
configure:2516: result: a.out
configure:2522: checking for suffix of executables
configure:2529: gcc -o conftest -g -O2 -Wall -pedantic -D_GNU_SOURCE -std=c99   conftest.c  >&5
configure:2533: $? = 0
configure:2555: result: 
configure:2577: checking whether we are cross compiling
configure:2585: gcc -o conftest -g -O2 -Wall -pedantic -D_GNU_SOURCE -std=c99   conftest.c  >&5
configure:2589: $? = 0
configure:2596: ./conftest
configure:2600: $? = 0
configure:2588: result: no
configure:2593: checking for suffix of object files
configure:2615: gcc -c -g -O2 -Wall -pedantic -D_GNU_SOURCE -std=c99  conftest.c >&5
configure:2619: $? = 0
configure:2640: result: o
configure:2644: checking whether we are using the GNU C compiler
configure:2663: gcc -c -g -O2 -Wall -pedantic -D_GNU_SOURCE -std=c99  conftest.c >&5
configure:2663: $? = 0
configure:2672: result: yes
configure:2681: checking whether gcc accepts -g
configure:2701: gcc -c -g  conftest.c >&5
configure:2701: $? = 0
configure:2742: result: yes
configure:2759: checking for gcc option to accept ISO C89
configure:2822: gcc  -c -g -O2 -Wall -pedantic -D_GNU_SOURCE -std=c99  conftest.c >&5
configure:2822: $? = 0
configure:2835: result: none needed
configure:2898: checking for a BSD-compatible install
configure:2966: result: /usr/bin/install -c
configure:2979: checking for ar
configure:2995: found /usr/bin/ar
configure:3007: result: ar
configure:3022: checking how to run the C preprocessor
configure:3053: gcc -E  conftest.c
configure:3053: $? = 0
configure:3067: gcc -E  conftest.c
conftest.c:9:10: fatal error: ac_nonexistent.h: No such file or directory
    9 | #include <ac_nonexistent.h>
      |          ^~~~~~~~~~~~~~~~~~
compilation terminated.
configure:3067: $? = 1
configure: failed program was:
| /* confdefs.h */
| #define PACKAGE_NAME ""
| #define PACKAGE_TARNAME ""
| #define PACKAGE_VERSION ""
| #define PACKAGE_STRING ""
| #define PACKAGE_BUGREPORT ""
| #define PACKAGE_URL ""
| /* end confdefs.h.  */
| #include <ac_nonexistent.h>
configure:3092: result: gcc -E
configure:3112: gcc -E  conftest.c
configure:3112: $? = 0
configure:3126: gcc -E  conftest.c
conftest.c:9:10: fatal error: ac_nonexistent.h: No such file or directory
    9 | #include <ac_nonexistent.h>
      |          ^~~~~~~~~~~~~~~~~~
compilation terminated.
configure:3126: $? = 1
configure: failed program was:
| /* confdefs.h */
| #define PACKAGE_NAME ""
| #define PACKAGE_TARNAME ""
| #define PACKAGE_VERSION ""
| #define PACKAGE_STRING ""
| #define PACKAGE_BUGREPORT ""
| #define PACKAGE_URL ""
| /* end confdefs.h.  */
| #include <ac_nonexistent.h>
configure:3155: checking for grep that handles long lines and -e
configure:3213: result: /usr/bin/grep
configure:3218: checking for egrep
configure:3280: result: /usr/bin/grep -E
configure:3285: checking for ANSI C header files
configure:3305: gcc -c -g -O2 -Wall -pedantic -D_GNU_SOURCE -std=c99  conftest.c >&5
configure:3305: $? = 0
configure:3378: gcc -o conftest -g -O2 -Wall -pedantic -D_GNU_SOURCE -std=c99   conftest.c  >&5
configure:3378: $? = 0
configure:3378: ./conftest
configure:3378: $? = 0
configure:3389: result: yes
configure:3402: checking for sys/types.h
configure:3402: gcc -c -g -O2 -Wall -pedantic -D_GNU_SOURCE -std=c99  conftest.c >&5
configure:3402: $? = 0
configure:3402: result: yes
configure:3402: checking for sys/stat.h
configure:3402: gcc -c -g -O2 -Wall -pedantic -D_GNU_SOURCE -std=c99  conftest.c >&5
configure:3402: $? = 0
configure:3402: result: yes
configure:3402: checking for stdlib.h
configure:3402: gcc -c -g -O2 -Wall -pedantic -D_GNU_SOURCE -std=c99  conftest.c >&5
configure:3402: $? = 0
configure:3402: result: yes
configure:3402: checking for string.h
configure:3402: gcc -c -g -O2 -Wall -pedantic -D_GNU_SOURCE -std=c99  conftest.c >&5
configure:3402: $? = 0
configure:3402: result: yes
configure:3402: checking for memory.h
configure:3402: gcc -c -g -O2 -Wall -pedantic -D_GNU_SOURCE -std=c99  conftest.c >&5
configure:3402: $? = 0
configure:3402: result: yes
configure:3402: checking for strings.h
configure:3402: gcc -c -g -O2 -Wall -pedantic -D_GNU_SOURCE -std=c99  conftest.c >&5
configure:3402: $? = 0
configure:3402: result: yes
configure:3402: checking for inttypes.h
configure:3402: gcc -c -g -O2 -Wall -pedantic -D_GNU_SOURCE -std=c99  conftest.c >&5
configure:3402: $? = 0
configure:3402: result: yes
configure:3402: checking for stdint.h
configure:3402: gcc -c -g -O2 -Wall -pedantic -D_GNU_SOURCE -std=c99  conftest.c >&5
configure:3402: $? = 0
configure:3402: result: yes
configure:3402: checking for unistd.h
configure:3402: gcc -c -g -O2 -Wall -pedantic -D_GNU_SOURCE -std=c99  conftest.c >&5
configure:3402: $? = 0
configure:3402: result: yes
configure:3416: checking math.h usability
configure:3416: gcc -c -g -O2 -Wall -pedantic -D_GNU_SOURCE -std=c99  conftest.c >&5
configure:3416: $? = 0
configure:3416: result: yes
configure:3416: checking math.h presence
configure:3416: gcc -E  conftest.c
configure:3416: $? = 0
configure:3416: result: yes
configure:3416: checking for math.h
configure:3416: result: yes
configure:3430: checking for main in -lm
configure:3449: gcc -o conftest -g -O2 -Wall -pedantic -D_GNU_SOURCE -std=c99   conftest.c -lm   >&5
configure:3449: $? = 0
configure:3458: result: yes
configure:3476: checking for realloc
configure:3476: gcc -o conftest -g -O2 -Wall -pedantic -D_GNU_SOURCE -std=c99   conftest.c -lm  >&5
conftest.c:44:6: warning: conflicting types for built-in function 'realloc'; expected 'void *(void *, long unsigned int)' [-Wbuiltin-declaration-mismatch]
   44 | char realloc ();
      |      ^~~~~~~
conftest.c:32:1: note: 'realloc' is declared in header '<stdlib.h>'
   31 | # include <limits.h>
   32 | #else
configure:3476: $? = 0
configure:3476: result: yes
configure:3476: checking for strtod
configure:3476: gcc -o conftest -g -O2 -Wall -pedantic -D_GNU_SOURCE -std=c99   conftest.c -lm  >&5
configure:3476: $? = 0
configure:3476: result: yes
configure:3476: checking for strtok
configure:3476: gcc -o conftest -g -O2 -Wall -pedantic -D_GNU_SOURCE -std=c99   conftest.c -lm  >&5
configure:3476: $? = 0
configure:3476: result: yes
configure:3476: checking for hypot
configure:3476: gcc -o conftest -g -O2 -Wall -pedantic -D_GNU_SOURCE -std=c99   conftest.c -lm  >&5
conftest.c:47:6: warning: conflicting types for built-in function 'hypot'; expected 'double(double,  double)' [-Wbuiltin-declaration-mismatch]
   47 | char hypot ();
      |      ^~~~~
conftest.c:35:1: note: 'hypot' is declared in header '<math.h>'
   34 | # include <limits.h>
   35 | #else
configure:3476: $? = 0
configure:3476: result: yes
configure:3490: checking for -fno-force-mem option
configure:3506: gcc -c -g -O2 -Wall -pedantic -D_GNU_SOURCE -std=c99 -fno-force-mem  conftest.c >&5
gcc: error: unrecognized command line option '-fno-force-mem'; did you mean '-fno-force-addr'?
configure:3506: $? = 1
configure: failed program was:
| /* confdefs.h */
| #define PACKAGE_NAME ""
| #define PACKAGE_TARNAME ""
| #define PACKAGE_VERSION ""
| #define PACKAGE_STRING ""
| #define PACKAGE_BUGREPORT ""
| #define PACKAGE_URL ""
| #define STDC_HEADERS 1
| #define HAVE_SYS_TYPES_H 1
| #define HAVE_SYS_STAT_H 1
| #define HAVE_STDLIB_H 1
| #define HAVE_STRING_H 1
| #define HAVE_MEMORY_H 1
| #define HAVE_STRINGS_H 1
| #define HAVE_INTTYPES_H 1
| #define HAVE_STDINT_H 1
| #define HAVE_UNISTD_H 1
| #define HAVE_MATH_H 1
| #define HAVE_LIBM 1
| #define HAVE_REALLOC 1
| #define HAVE_STRTOD 1
| #define HAVE_STRTOK 1
| #define HAVE_HYPOT 1
| /* end confdefs.h.  */
| 
| int
| main ()
| {
| char a;
|   ;
|   return 0;
| }
configure:3637: creating ./config.status

## ---------------------- ##
## Running config.status. ##
## ---------------------- ##

This file was extended by config.status, which was
generated by GNU Autoconf 2.69.  Invocation command line was

  CONFIG_FILES    = 
  CONFIG_HEADERS  = 
  CONFIG_LINKS    = 
  CONFIG_COMMANDS = 
  $ ./config.status 

on DESKTOP-H143S82

config.status:806: creating makefile
config.status:806: creating config.h
config.status:981: config.h is unchanged

## ---------------- ##
## Cache variables. ##
## ---------------- ##

ac_cv_c_compiler_gnu=yes
ac_cv_env_CC_set=
ac_cv_env_CC_value=
ac_cv_env_CFLAGS_set=
ac_cv_env_CFLAGS_value=
ac_cv_env_CPPFLAGS_set=
ac_cv_env_CPPFLAGS_value=
ac_cv_env_CPP_set=
ac_cv_env_CPP_value=
ac_cv_env_LDFLAGS_set=
ac_cv_env_LDFLAGS_value=
ac_cv_env_LIBS_set=
ac_cv_env_LIBS_value=
ac_cv_env_build_alias_set=
ac_cv_env_build_alias_value=
ac_cv_env_host_alias_set=
ac_cv_env_host_alias_value=
ac_cv_env_target_alias_set=
ac_cv_env_target_alias_value=
ac_cv_fnoforcemem=no
ac_cv_func_hypot=yes
ac_cv_func_realloc=yes
ac_cv_func_strtod=yes
ac_cv_func_strtok=yes
ac_cv_header_inttypes_h=yes
ac_cv_header_math_h=yes
ac_cv_header_memory_h=yes
ac_cv_header_stdc=yes
ac_cv_header_stdint_h=yes
ac_cv_header_stdlib_h=yes
ac_cv_header_string_h=yes
ac_cv_header_strings_h=yes
ac_cv_header_sys_stat_h=yes
ac_cv_header_sys_types_h=yes
ac_cv_header_unistd_h=yes
ac_cv_lib_m=ac_cv_lib_m_main
ac_cv_lib_m_main=yes
ac_cv_objext=o
ac_cv_path_EGREP='/usr/bin/grep -E'
ac_cv_path_GREP=/usr/bin/grep
ac_cv_path_install='/usr/bin/install -c'
ac_cv_prog_AR=ar
ac_cv_prog_CPP='gcc -E'
ac_cv_prog_ac_ct_CC=gcc
ac_cv_prog_cc_c89=
ac_cv_prog_cc_g=yes

## ----------------- ##
## Output variables. ##
## ----------------- ##

AR='ar'
CC='gcc'
CFLAGS='-g -O2 -Wall -pedantic -D_GNU_SOURCE -std=c99'
CFLAGS_TRIANGLE='-O2 -w -ffloat-store'
CFLAGS_VULNERABLE='-ffloat-store'
CPP='gcc -E'
CPPFLAGS=''
DEFS='-DHAVE_CONFIG_H'
ECHO_C=''
ECHO_N='-n'
ECHO_T=''
EGREP='/usr/bin/grep -E'
EXEEXT=''
GREP='/usr/bin/grep'
INSTALL_DATA='${INSTALL} -m 644'
INSTALL_PROGRAM='${INSTALL}'
INSTALL_SCRIPT='${INSTALL}'
LDFLAGS=''
LIBOBJS=''
LIBS='-lm '
LTLIBOBJS=''
OBJEXT='o'
PACKAGE_BUGREPORT=''
PACKAGE_NAME=''
PACKAGE_STRING=''
PACKAGE_TARNAME=''
PACKAGE_URL=''
PACKAGE_VERSION=''
PATH_SEPARATOR=':'
SHELL='/bin/bash'
ac_ct_CC='gcc'
bindir='${exec_prefix}/bin'
build_alias=''
datadir='${datarootdir}'
datarootdir='${prefix}/share'
docdir='${datarootdir}/doc/${PACKAGE}'
dvidir='${docdir}'
exec_prefix='${prefix}'
host_alias=''
htmldir='${docdir}'
includedir='${prefix}/include'
infodir='${datarootdir}/info'
libdir='/usr/local/lib'
libexecdir='${exec_prefix}/libexec'
localedir='${datarootdir}/locale'
localstatedir='${prefix}/var'
mandir='${datarootdir}/man'
oldincludedir='/usr/include'
pdfdir='${docdir}'
prefix='/usr/local'
program_transform_name='s,x,x,'
psdir='${docdir}'
sbindir='${exec_prefix}/sbin'
sharedstatedir='${prefix}/com'
sysconfdir='${prefix}/etc'
target_alias=''

## ----------- ##
## confdefs.h. ##
## ----------- ##

/* confdefs.h */
#define PACKAGE_NAME ""
#define PACKAGE_TARNAME ""
#define PACKAGE_VERSION ""
#define PACKAGE_STRING ""
#define PACKAGE_BUGREPORT ""
#define PACKAGE_URL ""
#define STDC_HEADERS 1
#define HAVE_SYS_TYPES_H 1
#define HAVE_SYS_STAT_H 1
#define HAVE_STDLIB_H 1
#define HAVE_STRING_H 1
#define HAVE_MEMORY_H 1
#define HAVE_STRINGS_H 1
#define HAVE_INTTYPES_H 1
#define HAVE_STDINT_H 1
#define HAVE_UNISTD_H 1
#define HAVE_MATH_H 1
#define HAVE_LIBM 1
#define HAVE_REALLOC 1
#define HAVE_STRTOD 1
#define HAVE_STRTOK 1
#define HAVE_HYPOT 1

configure: exit 0
